Using pre-set license

 COMMAND LINE ARGUMENTS:
/Applications/2020.3.1f1/Unity.app/Contents/MacOS/Unity
-adb2
-batchMode
-noUpm
-name
AssetImportWorker0
-projectPath
/Users/Jose.Deschamps@ibm.com/Desktop/2020_Development/Interactive_Project/VR_Licks/vr_licks/Project/GatherVR
-logFile
Logs/AssetImportWorker0.log
-srvPort
49275
Successfully changed project path to: /Users/Jose.Deschamps@ibm.com/Desktop/2020_Development/Interactive_Project/VR_Licks/vr_licks/Project/GatherVR
/Users/Jose.Deschamps@ibm.com/Desktop/2020_Development/Interactive_Project/VR_Licks/vr_licks/Project/GatherVR
Using Asset Import Pipeline V2.
Refreshing native plugins compatible for Editor in 84.53 ms, found 4 plugins.
Preloading 0 native plugins for Editor in 0.00 ms.
Initialize engine version: 2020.3.1f1 (77a89f25062f)
[Subsystems] Discovering subsystems at path /Applications/2020.3.1f1/Unity.app/Contents/Resources/UnitySubsystems
[Subsystems] Discovering subsystems at path /Users/Jose.Deschamps@ibm.com/Desktop/2020_Development/Interactive_Project/VR_Licks/vr_licks/Project/GatherVR/Assets
GfxDevice: creating device client; threaded=0
2021-04-19 09:17:23.602 Unity[5473:3838696] Color LCD preferred device: AMD Radeon Pro 560X (high power)
2021-04-19 09:17:23.603 Unity[5473:3838696] Metal devices available: 2
2021-04-19 09:17:23.603 Unity[5473:3838696] 0: AMD Radeon Pro 560X (high power)
2021-04-19 09:17:23.603 Unity[5473:3838696] 1: Intel(R) UHD Graphics 630 (low power)
2021-04-19 09:17:23.635 Unity[5473:3838696] Using device AMD Radeon Pro 560X (high power)
Initializing Metal device caps: AMD Radeon Pro 560X
Initialize mono
Mono path[0] = '/Applications/2020.3.1f1/Unity.app/Contents/Managed'
Mono path[1] = '/Applications/2020.3.1f1/Unity.app/Contents/MonoBleedingEdge/lib/mono/unityjit'
Mono config path = '/Applications/2020.3.1f1/Unity.app/Contents/MonoBleedingEdge/etc'
Using monoOptions --debugger-agent=transport=dt_socket,embedding=1,server=y,suspend=n,address=127.0.0.1:56473
Begin MonoManager ReloadAssembly
Registering precompiled unity dll's ...
Register platform support module: /Applications/2020.3.1f1/PlaybackEngines/WebGLSupport/UnityEditor.WebGL.Extensions.dll
Register platform support module: /Applications/2020.3.1f1/Unity.app/Contents/PlaybackEngines/MacStandaloneSupport/UnityEditor.OSXStandalone.Extensions.dll
Register platform support module: /Applications/2020.3.1f1/PlaybackEngines/WindowsStandaloneSupport/UnityEditor.WindowsStandalone.Extensions.dll
Registered in 0.003853 seconds.
Native extension for WindowsStandalone target not found
Native extension for OSXStandalone target not found
Native extension for WebGL target not found
Refreshing native plugins compatible for Editor in 55.80 ms, found 4 plugins.
Preloading 0 native plugins for Editor in 0.00 ms.
Invoked RoslynAnalysisRunner static constructor.
RoslynAnalysisRunner will not be running.
RoslynAnalysisRunner has terminated.
Mono: successfully reloaded assembly
- Completed reload, in  4.432 seconds
Platform modules already initialized, skipping
Registering precompiled user dll's ...
Registered in 0.009364 seconds.
Begin MonoManager ReloadAssembly
Native extension for WindowsStandalone target not found
Native extension for OSXStandalone target not found
Native extension for WebGL target not found
Refreshing native plugins compatible for Editor in 52.06 ms, found 4 plugins.
Preloading 0 native plugins for Editor in 0.00 ms.
Invoked RoslynAnalysisRunner static constructor.
RoslynAnalysisRunner will not be running.
RoslynAnalysisRunner has terminated.
Mono: successfully reloaded assembly
- Completed reload, in  1.330 seconds
Platform modules already initialized, skipping
========================================================================
Worker process is ready to serve import requests
Launching external process: /Applications/2020.3.1f1/Unity.app/Contents/Tools/UnityShaderCompiler
Launched and connected shader compiler UnityShaderCompiler after 0.01 seconds
Refreshing native plugins compatible for Editor in 0.72 ms, found 4 plugins.
Preloading 0 native plugins for Editor in 0.00 ms.
Unloading 2142 Unused Serialized files (Serialized files now loaded: 0)
System memory in use before: 171.9 MB.
System memory in use after: 172.0 MB.

Unloading 46 unused Assets to reduce memory usage. Loaded Objects now: 2570.
Total: 3.175859 ms (FindLiveObjects: 0.537921 ms CreateObjectMapping: 0.259202 ms MarkObjects: 2.296143 ms  DeleteObjects: 0.080792 ms)

========================================================================
Received Import Request.
  path: Assets/Mesh/Avatars/Elvis
  artifactKey: Guid(f45fee935887b4d1bbab6017279be036) Importer(815301076,1909f56bfc062723c751e8b465ee728b)
Start importing Assets/Mesh/Avatars/Elvis using Guid(f45fee935887b4d1bbab6017279be036) Importer(815301076,1909f56bfc062723c751e8b465ee728b)  -> (artifact id: 'f3c35e221aa5a2d2f5145d7ec469c205') in 0.005895 seconds
  Import took 0.011287 seconds .

========================================================================
Received Import Request.
  Time since last request: 0.000258 seconds.
  path: Assets/Mesh/Avatars/Elvis/Elvis.obj
  artifactKey: Guid(f6c72be3a42174d4f9547a36d3f3087e) Importer(815301076,1909f56bfc062723c751e8b465ee728b)
Start importing Assets/Mesh/Avatars/Elvis/Elvis.obj using Guid(f6c72be3a42174d4f9547a36d3f3087e) Importer(815301076,1909f56bfc062723c751e8b465ee728b)  -> (artifact id: 'ea57e2ef54df2fb5d6b918bbf490b58b') in 2.786663 seconds
  Import took 2.791698 seconds .

========================================================================
Received Import Request.
  Time since last request: 0.000290 seconds.
  path: Assets/Mesh/Avatars
  artifactKey: Guid(bfeb5b3dd66cd4154bea00813be4257c) Importer(815301076,1909f56bfc062723c751e8b465ee728b)
Start importing Assets/Mesh/Avatars using Guid(bfeb5b3dd66cd4154bea00813be4257c) Importer(815301076,1909f56bfc062723c751e8b465ee728b)  -> (artifact id: '6d44a1fb1ed743214ac5fe41db32805d') in 0.001764 seconds
  Import took 0.007345 seconds .

========================================================================
Received Import Request.
  Time since last request: 5.046694 seconds.
  path: Assets/Mesh/Avatars/Chicken/Chicken.obj
  artifactKey: Guid(3cb6195be22be4042a8a0dd9d2a5630a) Importer(815301076,1909f56bfc062723c751e8b465ee728b)
Start importing Assets/Mesh/Avatars/Chicken/Chicken.obj using Guid(3cb6195be22be4042a8a0dd9d2a5630a) Importer(815301076,1909f56bfc062723c751e8b465ee728b)  -> (artifact id: '4d6a07b6ddae37099b681082dae35f5d') in 0.081572 seconds
  Import took 0.086297 seconds .

========================================================================
Received Import Request.
  Time since last request: 3.553928 seconds.
  path: Assets/Mesh/Avatars/Bear/Bear.obj
  artifactKey: Guid(3dce1f437e9de444886a809c34c7d949) Importer(815301076,1909f56bfc062723c751e8b465ee728b)
Start importing Assets/Mesh/Avatars/Bear/Bear.obj using Guid(3dce1f437e9de444886a809c34c7d949) Importer(815301076,1909f56bfc062723c751e8b465ee728b)  -> (artifact id: '9a6fec7966f4b2f14029b2bca250d3cb') in 0.050264 seconds
  Import took 0.054822 seconds .

========================================================================
Received Prepare
Refreshing native plugins compatible for Editor in 16.73 ms, found 4 plugins.
Preloading 0 native plugins for Editor in 0.00 ms.
Unloading 36 Unused Serialized files (Serialized files now loaded: 0)
System memory in use before: 136.3 MB.
System memory in use after: 136.4 MB.

Unloading 35 unused Assets to reduce memory usage. Loaded Objects now: 2613.
Total: 2.377542 ms (FindLiveObjects: 0.247444 ms CreateObjectMapping: 0.093554 ms MarkObjects: 2.017345 ms  DeleteObjects: 0.018211 ms)

